<?xml version="1.0" encoding="UTF-8"?>
<testng-results skipped="0" failed="1" ignored="0" total="1" passed="0">
  <reporter-output>
  </reporter-output>
  <suite name="Default suite" duration-ms="42120" started-at="2018-09-14T02:02:51Z" finished-at="2018-09-14T02:03:33Z">
    <groups>
    </groups>
    <test name="Default test" duration-ms="42120" started-at="2018-09-14T02:02:51Z" finished-at="2018-09-14T02:03:33Z">
      <class name="com.qa.scripts.FindAwareHouse_Test">
        <test-method status="PASS" signature="report()[pri:0, instance:com.qa.scripts.FindAwareHouse_Test@1b26f7b2]" name="report" is-config="true" duration-ms="479" started-at="2018-09-14T02:02:51Z" finished-at="2018-09-14T02:02:52Z">
          <reporter-output>
          </reporter-output>
        </test-method> <!-- report -->
        <test-method status="PASS" signature="beforeClass()[pri:0, instance:com.qa.scripts.FindAwareHouse_Test@1b26f7b2]" name="beforeClass" is-config="true" duration-ms="24080" started-at="2018-09-14T02:02:52Z" finished-at="2018-09-14T02:03:16Z">
          <reporter-output>
          </reporter-output>
        </test-method> <!-- beforeClass -->
        <test-method status="PASS" signature="method(java.lang.reflect.Method)[pri:0, instance:com.qa.scripts.FindAwareHouse_Test@1b26f7b2]" name="method" is-config="true" duration-ms="14" started-at="2018-09-14T02:03:16Z" finished-at="2018-09-14T02:03:16Z">
          <params>
            <param index="0">
              <value>
                <![CDATA[public void com.qa.scripts.FindAwareHouse_Test.testFindAwareHouse_Test() throws java.lang.Exception]]>
              </value>
            </param>
          </params>
          <reporter-output>
          </reporter-output>
        </test-method> <!-- method -->
        <test-method status="FAIL" signature="testFindAwareHouse_Test()[pri:0, instance:com.qa.scripts.FindAwareHouse_Test@1b26f7b2]" name="testFindAwareHouse_Test" duration-ms="11993" started-at="2018-09-14T02:03:16Z" finished-at="2018-09-14T02:03:28Z">
          <exception class="java.lang.NullPointerException">
            <full-stacktrace>
              <![CDATA[java.lang.NullPointerException
at com.qa.wdcmds.ActionDriver.launchApplication(ActionDriver.java:28)
at com.qa.reuse.BusinessFunctions.navigateToCostco(BusinessFunctions.java:31)
at com.qa.scripts.FindAwareHouse_Test.testFindAwareHouse_Test(FindAwareHouse_Test.java:12)
at sun.reflect.NativeMethodAccessorImpl.invoke0(Native Method)
at sun.reflect.NativeMethodAccessorImpl.invoke(Unknown Source)
at sun.reflect.DelegatingMethodAccessorImpl.invoke(Unknown Source)
at java.lang.reflect.Method.invoke(Unknown Source)
at org.testng.internal.MethodInvocationHelper.invokeMethod(MethodInvocationHelper.java:124)
at org.testng.internal.Invoker.invokeMethod(Invoker.java:583)
at org.testng.internal.Invoker.invokeTestMethod(Invoker.java:719)
at org.testng.internal.Invoker.invokeTestMethods(Invoker.java:989)
at org.testng.internal.TestMethodWorker.invokeTestMethods(TestMethodWorker.java:125)
at org.testng.internal.TestMethodWorker.run(TestMethodWorker.java:109)
at org.testng.TestRunner.privateRun(TestRunner.java:648)
at org.testng.TestRunner.run(TestRunner.java:505)
at org.testng.SuiteRunner.runTest(SuiteRunner.java:455)
at org.testng.SuiteRunner.runSequentially(SuiteRunner.java:450)
at org.testng.SuiteRunner.privateRun(SuiteRunner.java:415)
at org.testng.SuiteRunner.run(SuiteRunner.java:364)
at org.testng.SuiteRunnerWorker.runSuite(SuiteRunnerWorker.java:52)
at org.testng.SuiteRunnerWorker.run(SuiteRunnerWorker.java:84)
at org.testng.TestNG.runSuitesSequentially(TestNG.java:1208)
at org.testng.TestNG.runSuitesLocally(TestNG.java:1137)
at org.testng.TestNG.runSuites(TestNG.java:1049)
at org.testng.TestNG.run(TestNG.java:1017)
at org.testng.remote.AbstractRemoteTestNG.run(AbstractRemoteTestNG.java:132)
at org.testng.remote.RemoteTestNG.initAndRun(RemoteTestNG.java:230)
at org.testng.remote.RemoteTestNG.main(RemoteTestNG.java:76)
]]>
            </full-stacktrace>
          </exception> <!-- java.lang.NullPointerException -->
          <reporter-output>
          </reporter-output>
        </test-method> <!-- testFindAwareHouse_Test -->
        <test-method status="PASS" signature="afterClass()[pri:0, instance:com.qa.scripts.FindAwareHouse_Test@1b26f7b2]" name="afterClass" is-config="true" duration-ms="5469" started-at="2018-09-14T02:03:28Z" finished-at="2018-09-14T02:03:33Z">
          <reporter-output>
          </reporter-output>
        </test-method> <!-- afterClass -->
      </class> <!-- com.qa.scripts.FindAwareHouse_Test -->
    </test> <!-- Default test -->
  </suite> <!-- Default suite -->
</testng-results>
